SF:lib/core/local_storage/app_storage_pod.dart
DA:7,3
DA:8,4
DA:14,3
DA:15,2
LF:4
LH:4
end_of_record
SF:lib/shared/pods/internet_checker_pod.dart
DA:5,3
DA:11,4
DA:16,2
DA:17,2
DA:18,1
DA:27,1
DA:29,3
DA:32,4
DA:34,1
DA:36,1
DA:39,1
DA:40,2
LF:12
LH:12
end_of_record
SF:lib/core/local_storage/app_storage.dart
DA:9,1
DA:11,1
DA:12,2
DA:13,2
DA:15,1
DA:21,1
DA:22,2
DA:27,1
DA:31,2
DA:35,1
DA:36,2
LF:11
LH:11
end_of_record
SF:lib/core/theme/theme_controller.dart
DA:6,2
DA:7,1
DA:17,1
DA:19,5
DA:21,2
DA:23,2
DA:31,1
DA:32,1
DA:33,6
LF:9
LH:9
end_of_record
SF:lib/const/app_urls.dart
DA:4,0
LF:1
LH:0
end_of_record
SF:lib/data/model/nextforecast_model.dart
DA:12,1
DA:20,0
DA:21,0
DA:23,0
DA:25,1
DA:26,1
DA:27,1
DA:28,1
DA:29,1
DA:30,1
DA:31,2
DA:32,2
DA:35,2
DA:36,1
DA:37,1
DA:38,1
DA:39,3
DA:40,2
DA:43,1
DA:47,1
DA:48,3
DA:49,3
DA:50,3
DA:51,3
DA:52,3
DA:55,0
DA:57,0
DA:58,0
DA:59,0
DA:60,0
DA:61,0
DA:64,0
DA:66,0
DA:80,1
DA:91,0
DA:93,0
DA:95,2
DA:96,1
DA:97,1
DA:98,2
DA:99,1
DA:100,1
DA:101,1
DA:102,1
DA:103,1
DA:106,2
DA:107,1
DA:108,1
DA:109,2
DA:110,1
DA:111,1
DA:112,1
DA:113,1
DA:114,1
DA:117,1
DA:121,1
DA:122,3
DA:123,3
DA:124,3
DA:125,3
DA:126,3
DA:127,3
DA:128,3
DA:129,3
DA:132,0
DA:134,0
DA:135,0
DA:136,0
DA:137,0
DA:138,0
DA:139,0
DA:140,0
DA:141,0
DA:144,0
DA:146,0
DA:154,1
DA:159,0
DA:161,0
DA:163,2
DA:164,2
DA:165,2
DA:168,2
DA:169,1
DA:170,1
DA:173,1
DA:177,7
DA:180,0
DA:181,0
DA:183,0
DA:184,0
DA:199,0
DA:212,0
DA:213,0
DA:215,0
DA:217,0
DA:218,0
DA:219,0
DA:221,0
DA:222,0
DA:223,0
DA:224,0
DA:225,0
DA:226,0
DA:227,0
DA:228,0
DA:231,0
DA:232,0
DA:233,0
DA:234,0
DA:235,0
DA:236,0
DA:237,0
DA:238,0
DA:239,0
DA:240,0
DA:241,0
DA:244,0
DA:248,0
DA:249,0
DA:250,0
DA:251,0
DA:252,0
DA:253,0
DA:254,0
DA:255,0
DA:256,0
DA:257,0
DA:258,0
DA:261,0
DA:263,0
DA:264,0
DA:265,0
DA:266,0
DA:267,0
DA:268,0
DA:269,0
DA:270,0
DA:271,0
DA:272,0
DA:275,0
DA:277,0
DA:284,0
DA:288,0
DA:290,0
DA:292,0
DA:293,0
DA:296,0
DA:297,0
DA:300,0
DA:304,0
DA:307,0
DA:308,0
DA:310,0
DA:311,0
DA:325,0
DA:337,0
DA:339,0
DA:341,0
DA:342,0
DA:343,0
DA:344,0
DA:345,0
DA:346,0
DA:347,0
DA:348,0
DA:349,0
DA:350,0
DA:353,0
DA:354,0
DA:355,0
DA:356,0
DA:357,0
DA:358,0
DA:359,0
DA:360,0
DA:361,0
DA:362,0
DA:365,0
DA:369,0
DA:370,0
DA:371,0
DA:372,0
DA:373,0
DA:374,0
DA:375,0
DA:376,0
DA:377,0
DA:378,0
DA:381,0
DA:383,0
DA:384,0
DA:385,0
DA:386,0
DA:387,0
DA:388,0
DA:389,0
DA:390,0
DA:391,0
DA:394,0
DA:396,0
DA:403,0
DA:407,0
DA:409,0
DA:411,0
DA:412,0
DA:415,0
DA:416,0
DA:419,0
DA:423,0
DA:426,0
DA:427,0
DA:429,0
DA:430,0
DA:436,0
DA:440,0
DA:442,0
DA:444,0
DA:445,0
DA:448,0
DA:449,0
DA:452,0
DA:456,0
DA:459,0
DA:460,0
DA:462,0
DA:463,0
DA:472,0
DA:479,0
DA:481,0
DA:483,0
DA:484,0
DA:485,0
DA:486,0
DA:487,0
DA:490,0
DA:491,0
DA:492,0
DA:493,0
DA:494,0
DA:497,0
DA:501,0
DA:502,0
DA:503,0
DA:504,0
DA:505,0
DA:508,0
DA:510,0
DA:513,0
DA:515,0
DA:524,0
DA:530,0
DA:532,0
DA:534,0
DA:535,0
DA:536,0
DA:537,0
DA:540,0
DA:541,0
DA:542,0
DA:543,0
DA:546,0
DA:550,0
DA:551,0
DA:552,0
DA:553,0
DA:556,0
DA:557,0
DA:559,0
DA:560,0
LF:269
LH:60
end_of_record
SF:lib/data/repository/weather/weather_repo_pod.dart
DA:6,4
DA:7,1
DA:8,2
DA:9,2
LF:4
LH:4
end_of_record
SF:lib/data/repository/weather/weather_repository.dart
DA:13,1
DA:15,1
DA:21,2
DA:22,1
DA:26,1
DA:29,2
DA:30,3
DA:32,3
LF:8
LH:8
end_of_record
SF:lib/shared/api_client/dio/dio_client_provider.dart
DA:14,3
DA:15,1
DA:16,1
DA:17,2
DA:19,3
DA:20,3
DA:21,2
DA:22,1
DA:23,1
DA:32,1
LF:10
LH:10
end_of_record
SF:lib/shared/exception/base_exception.dart
DA:8,1
DA:17,1
DA:23,1
DA:28,1
DA:29,1
DA:30,1
DA:31,1
DA:35,1
DA:36,1
DA:37,1
DA:38,1
DA:39,1
DA:43,1
DA:44,1
DA:45,2
DA:46,1
DA:47,1
DA:51,3
DA:53,1
DA:54,2
DA:56,1
DA:58,4
DA:60,1
DA:64,1
DA:65,3
DA:66,3
DA:67,3
DA:70,1
DA:72,8
DA:74,1
DA:75,1
LF:31
LH:31
end_of_record
SF:lib/core/theme/app_theme.dart
DA:8,2
DA:32,1
DA:39,2
DA:61,1
LF:4
LH:4
end_of_record
SF:lib/features/theme_segmented_btn/controller/selection_theme_pod.dart
DA:6,3
DA:7,3
LF:2
LH:2
end_of_record
SF:lib/features/theme_segmented_btn/view/theme_segmented_btn.dart
DA:9,1
DA:11,1
DA:12,1
DA:16,1
DA:18,1
DA:33,3
DA:34,1
DA:35,1
DA:36,3
DA:37,2
LF:10
LH:10
end_of_record
SF:lib/l10n/l10n.dart
DA:7,2
LF:1
LH:1
end_of_record
SF:lib/init.dart
DA:7,1
DA:8,2
DA:13,2
DA:16,1
LF:4
LH:4
end_of_record
SF:lib/shared/pods/locale_pod.dart
DA:13,1
DA:15,5
DA:19,4
DA:20,4
DA:21,1
DA:23,1
DA:27,1
DA:28,1
DA:30,1
DA:31,4
DA:32,1
DA:33,1
DA:36,1
DA:41,3
LF:14
LH:14
end_of_record
SF:lib/shared/riverpod_ext/asynvalue_easy_when.dart
DA:10,1
DA:21,1
DA:23,1
DA:25,1
DA:29,1
DA:37,1
DA:39,1
DA:40,1
DA:52,1
DA:58,1
DA:60,1
DA:61,1
DA:70,1
DA:84,1
DA:86,1
DA:87,1
DA:88,1
DA:90,1
DA:91,1
DA:92,1
DA:93,1
DA:95,1
DA:96,1
DA:97,1
DA:99,1
DA:101,2
DA:104,1
DA:106,1
DA:110,2
DA:112,1
DA:113,1
DA:114,1
DA:115,1
DA:116,1
DA:117,1
DA:118,1
DA:119,1
DA:120,1
DA:121,1
DA:123,1
DA:124,1
DA:125,1
DA:127,1
DA:129,2
DA:138,1
DA:146,1
DA:148,3
DA:149,1
DA:150,1
DA:153,8
DA:159,1
DA:165,1
DA:167,2
DA:168,1
DA:169,6
DA:171,1
DA:173,1
DA:174,1
DA:175,1
DA:176,1
DA:177,1
DA:178,1
DA:180,1
DA:182,1
DA:183,1
DA:184,1
DA:185,1
DA:186,1
DA:187,1
DA:188,1
DA:190,1
DA:191,1
DA:192,1
DA:193,1
DA:194,1
DA:195,1
DA:197,1
DA:199,1
DA:200,1
DA:201,1
DA:202,1
DA:203,1
DA:204,1
DA:205,1
DA:206,6
DA:207,1
DA:209,1
DA:210,1
DA:211,1
DA:212,1
DA:213,1
DA:214,1
DA:215,1
DA:217,1
DA:218,1
DA:219,1
DA:220,1
DA:221,1
DA:222,1
LF:99
LH:99
end_of_record
SF:lib/shared/riverpod_ext/cache_extensions.dart
DA:7,1
DA:10,1
DA:16,4
DA:20,1
DA:24,3
DA:30,1
DA:31,2
DA:32,2
LF:8
LH:8
end_of_record
SF:lib/shared/widget/app_locale_popup.dart
DA:9,2
DA:11,1
DA:13,1
DA:14,1
DA:17,1
DA:18,4
DA:20,1
DA:21,1
DA:22,1
DA:23,2
DA:24,1
DA:26,1
DA:27,1
DA:29,3
DA:31,1
DA:33,3
DA:37,1
DA:42,1
DA:45,1
DA:48,1
DA:50,1
DA:55,6
DA:56,1
DA:61,1
DA:64,1
DA:67,1
DA:69,6
DA:73,1
DA:74,1
DA:78,2
LF:30
LH:30
end_of_record
SF:lib/shared/widget/no_internet_widget.dart
DA:10,1
DA:13,1
DA:23,1
DA:27,1
DA:30,1
DA:32,1
DA:33,1
DA:34,1
DA:35,1
DA:36,1
DA:40,1
DA:41,1
DA:44,1
DA:45,1
DA:55,1
DA:60,1
DA:62,1
DA:67,1
DA:70,1
DA:72,2
DA:73,3
DA:78,1
DA:80,1
DA:83,1
DA:85,3
DA:86,2
DA:87,1
DA:88,1
DA:89,1
DA:91,1
DA:95,1
DA:96,1
DA:97,1
DA:100,1
DA:101,1
DA:102,2
DA:103,1
DA:110,1
DA:111,1
DA:112,0
DA:113,0
DA:122,1
DA:126,2
DA:128,5
DA:129,1
DA:130,1
DA:131,0
DA:132,0
DA:134,3
DA:137,1
DA:138,1
LF:51
LH:47
end_of_record
SF:lib/features/counter/controller/counter_state_pod.dart
DA:5,3
DA:12,4
LF:2
LH:2
end_of_record
SF:lib/features/counter/controller/notifier/counter_notifier.dart
DA:8,1
DA:10,3
DA:14,4
DA:17,4
LF:4
LH:4
end_of_record
SF:lib/features/counter/view/counter_page.dart
DA:15,2
DA:17,1
DA:24,3
DA:26,1
DA:27,1
DA:33,1
DA:35,3
DA:36,0
DA:38,2
DA:40,1
DA:41,1
DA:48,1
DA:49,1
DA:52,1
DA:55,1
DA:56,1
DA:57,1
DA:58,1
DA:60,1
DA:61,1
DA:62,1
DA:63,1
DA:69,1
DA:72,1
DA:73,1
DA:74,1
DA:75,1
DA:77,5
DA:83,1
DA:84,1
DA:85,1
DA:87,5
DA:99,1
DA:101,1
DA:103,1
DA:104,2
DA:109,1
DA:111,1
DA:113,1
DA:114,2
DA:115,4
LF:41
LH:40
end_of_record
SF:lib/shared/pods/api_key_pod.dart
DA:3,4
LF:1
LH:1
end_of_record
